<?xml version="1.0" encoding="UTF-8"?>
<testsuite xmlns:xsi="http://www.w3.org/2001/XMLSchema-instance" xsi:noNamespaceSchemaLocation="https://maven.apache.org/surefire/maven-surefire-plugin/xsd/surefire-test-report.xsd" name="Users should be able to login" time="140.567" tests="3" errors="0" skipped="0" failures="2">
  <properties>
[...]
</properties>
  <testcase name="Login as a driver" classname="Users should be able to login" time="66.895">
    <failure message="expected:&lt;[Dashboard]&gt; but was:&lt;[Loading...]&gt;" type="org.junit.ComparisonFailure"><![CDATA[org.junit.ComparisonFailure: expected:<[Dashboard]> but was:<[Loading...]>
]]></failure>
    <system-out><![CDATA[	this is coming from BEFORE
Opening the login page
]]></system-out>
    <system-err><![CDATA[SLF4J: Failed to load class "org.slf4j.impl.StaticLoggerBinder".
SLF4J: Defaulting to no-operation (NOP) logger implementation
SLF4J: See http://www.slf4j.org/codes.html#StaticLoggerBinder for further details.
1580062026005	mozrunner::runner	INFO	Running command: "C:\\Program Files\\Mozilla Firefox\\firefox.exe" "-marionette" "-foreground" "-no-remote" "-profile" "C:\\Users\\win8\\AppData\\Local\\Temp\\rust_mozprofile6DuiKQ"
1580062032510	addons.webextension.doh-rollout@mozilla.org	WARN	Loading extension 'doh-rollout@mozilla.org': Reading manifest: Invalid extension permission: networkStatus
1580062032876	addons.webextension.screenshots@mozilla.org	WARN	Loading extension 'screenshots@mozilla.org': Reading manifest: Invalid extension permission: mozillaAddons
1580062032877	addons.webextension.screenshots@mozilla.org	WARN	Loading extension 'screenshots@mozilla.org': Reading manifest: Invalid extension permission: telemetry
1580062032877	addons.webextension.screenshots@mozilla.org	WARN	Loading extension 'screenshots@mozilla.org': Reading manifest: Invalid extension permission: resource://pdf.js/
1580062032877	addons.webextension.screenshots@mozilla.org	WARN	Loading extension 'screenshots@mozilla.org': Reading manifest: Invalid extension permission: about:reader*
JavaScript error: resource://gre/modules/XULStore.jsm, line 66: Error: Can't find profile directory.
console.error: "Could not write session state file " (new Error("_initWorker called too early! Please read the session file from disk first.", "resource:///modules/sessionstore/SessionFile.jsm", 375)) "_initWorker/<@resource:///modules/sessionstore/SessionFile.jsm:375:15\n_initWorker@resource:///modules/sessionstore/SessionFile.jsm:368:12\n_postToWorker@resource:///modules/sessionstore/SessionFile.jsm:410:16\nwrite@resource:///modules/sessionstore/SessionFile.jsm:448:24\nwrite@resource:///modules/sessionstore/SessionFile.jsm:75:32\n_writeState@resource:///modules/sessionstore/SessionSaver.jsm:360:24\n_saveState@resource:///modules/sessionstore/SessionSaver.jsm:294:17\n_saveStateAsync@resource:///modules/sessionstore/SessionSaver.jsm:344:10\nsaveStateAsyncWhenIdle@resource:///modules/sessionstore/SessionSaver.jsm:191:14\ncallback@resource://gre/modules/Timer.jsm:125:16\n"
1580062044344	Marionette	INFO	Listening on port 63503
1580062044538	Marionette	WARN	TLS certificate errors will be ignored for this session
Oca 26, 2020 7:07:24 ÖS org.openqa.selenium.remote.ProtocolHandshake createSession
INFO: Detected dialect: W3C
1580062064602	Marionette	INFO	Stopped listening on port 63503
JavaScript error: https://qa3.vytrack.com/bundles/npmassets/requirejs/require.js?version=e723d063, line 168: Error: Script error for "bootstrap-typeahead", needed by: bootstrap
http://requirejs.org/docs/errors.html#scripterror
JavaScript error: https://qa3.vytrack.com/bundles/npmassets/requirejs/require.js?version=e723d063, line 168: Error: Script error for "components/jquery-ui/ui/widgets/progressbar", needed by: jquery-ui
http://requirejs.org/docs/errors.html#scripterror
JavaScript error: https://qa3.vytrack.com/bundles/npmassets/requirejs/require.js?version=e723d063, line 168: Error: Script error for "oroentity/js/app/models/entity-collection", needed by: oroentity/js/app/models/entitystructures-collection
http://requirejs.org/docs/errors.html#scripterror
JavaScript error: https://qa3.vytrack.com/bundles/npmassets/requirejs/require.js?version=e723d063, line 168: Error: Script error for "bootstrap-tooltip", needed by: bootstrap
http://requirejs.org/docs/errors.html#scripterror
JavaScript error: https://qa3.vytrack.com/bundles/npmassets/requirejs/require.js?version=e723d063, line 168: Error: Script error for "components/jquery-ui/ui/widgets/resizable", needed by: jquery-ui
http://requirejs.org/docs/errors.html#scripterror
JavaScript error: https://qa3.vytrack.com/bundles/npmassets/requirejs/require.js?version=e723d063, line 168: Error: Script error for "components/jquery-ui/ui/widgets/spinner", needed by: jquery-ui
http://requirejs.org/docs/errors.html#scripterror
JavaScript error: https://qa3.vytrack.com/bundles/npmassets/requirejs/require.js?version=e723d063, line 168: Error: Script error for "bootstrap-tab", needed by: bootstrap
http://requirejs.org/docs/errors.html#scripterror
JavaScript error: https://qa3.vytrack.com/bundles/npmassets/requirejs/require.js?version=e723d063, line 168: Error: Script error for "bootstrap-button", needed by: bootstrap
http://requirejs.org/docs/errors.html#scripterror
JavaScript error: https://qa3.vytrack.com/bundles/npmassets/requirejs/require.js?version=e723d063, line 168: Error: Script error for "lightgallery.print", needed by: oroui/js/app/modules/init-lightgallery
http://requirejs.org/docs/errors.html#scripterror
JavaScript error: https://qa3.vytrack.com/bundles/npmassets/requirejs/require.js?version=e723d063, line 168: Error: Script error for "components/jquery-ui/ui/effects/effect-drop", needed by: jquery-ui
http://requirejs.org/docs/errors.html#scripterror
JavaScript error: https://qa3.vytrack.com/bundles/npmassets/requirejs/require.js?version=e723d063, line 168: Error: Script error for "components/jquery-ui/ui/effects/effect-fade", needed by: jquery-ui
http://requirejs.org/docs/errors.html#scripterror
JavaScript error: https://qa3.vytrack.com/bundles/npmassets/requirejs/require.js?version=e723d063, line 168: Error: Script error for "components/jquery-ui/ui/effects/effect-blind", needed by: jquery-ui
http://requirejs.org/docs/errors.html#scripterror
JavaScript error: https://qa3.vytrack.com/bundles/npmassets/requirejs/require.js?version=e723d063, line 168: Error: Script error for "components/jquery-ui/ui/widgets/droppable", needed by: jquery-ui
http://requirejs.org/docs/errors.html#scripterror
JavaScript error: https://qa3.vytrack.com/bundles/npmassets/requirejs/require.js?version=e723d063, line 168: Error: Script error for "components/jquery-ui/ui/widgets/sortable", needed by: jquery-ui
http://requirejs.org/docs/errors.html#scripterror
JavaScript error: https://qa3.vytrack.com/bundles/npmassets/requirejs/require.js?version=e723d063, line 168: Error: Script error for "components/jquery-ui/ui/widgets/accordion", needed by: jquery-ui
http://requirejs.org/docs/errors.html#scripterror
JavaScript error: https://qa3.vytrack.com/bundles/npmassets/requirejs/require.js?version=e723d063, line 168: Error: Script error for "moment-timezone", needed by: orolocale/js/extend/moment-timezone
http://requirejs.org/docs/errors.html#scripterror
JavaScript error: https://qa3.vytrack.com/bundles/npmassets/requirejs/require.js?version=e723d063, line 168: Error: Script error for "bootstrap-scrollspy", needed by: bootstrap
http://requirejs.org/docs/errors.html#scripterror
JavaScript error: https://qa3.vytrack.com/bundles/npmassets/requirejs/require.js?version=e723d063, line 168: Error: Script error for "components/jquery-ui/ui/widgets/slider", needed by: jquery-ui
http://requirejs.org/docs/errors.html#scripterror
JavaScript error: https://qa3.vytrack.com/bundles/npmassets/requirejs/require.js?version=e723d063, line 168: Error: Script error for "components/jquery-ui/ui/effects/effect-fold", needed by: jquery-ui
http://requirejs.org/docs/errors.html#scripterror
JavaScript error: https://qa3.vytrack.com/bundles/npmassets/requirejs/require.js?version=e723d063, line 168: Error: Script error for "components/jquery-ui/ui/effects/effect-highlight", needed by: jquery-ui
http://requirejs.org/docs/errors.html#scripterror
JavaScript error: https://qa3.vytrack.com/bundles/npmassets/requirejs/require.js?version=e723d063, line 168: Error: Script error for "components/jquery-ui/ui/position", needed by: jquery-ui
http://requirejs.org/docs/errors.html#scripterror
JavaScript error: https://qa3.vytrack.com/bundles/npmassets/requirejs/require.js?version=e723d063, line 168: Error: Script error for "bootstrap-carousel", needed by: bootstrap
http://requirejs.org/docs/errors.html#scripterror
JavaScript error: https://qa3.vytrack.com/bundles/npmassets/requirejs/require.js?version=e723d063, line 168: Error: Script error for "components/jquery-ui/ui/widget", needed by: jquery-ui
http://requirejs.org/docs/errors.html#scripterror
JavaScript error: https://qa3.vytrack.com/bundles/npmassets/requirejs/require.js?version=e723d063, line 168: Error: Script error for "components/jquery-ui/ui/widgets/draggable", needed by: jquery-ui
http://requirejs.org/docs/errors.html#scripterror
JavaScript error: https://qa3.vytrack.com/bundles/npmassets/requirejs/require.js?version=e723d063, line 168: Error: Script error for "jquery.select2", needed by: oroui/js/extend/select2
http://requirejs.org/docs/errors.html#scripterror
JavaScript error: https://qa3.vytrack.com/bundles/npmassets/requirejs/require.js?version=e723d063, line 168: Error: Script error for "components/jquery-ui/ui/effects/effect-scale", needed by: jquery-ui
http://requirejs.org/docs/errors.html#scripterror
JavaScript error: https://qa3.vytrack.com/bundles/npmassets/requirejs/require.js?version=e723d063, line 168: Error: Script error for "components/jquery-ui/ui/effects/effect-clip", needed by: jquery-ui
http://requirejs.org/docs/errors.html#scripterror
JavaScript error: https://qa3.vytrack.com/bundles/npmassets/requirejs/require.js?version=e723d063, line 168: Error: Script error for "oroui/js/select2-l10n", needed by: oroui/js/extend/select2
http://requirejs.org/docs/errors.html#scripterror
JavaScript error: https://qa3.vytrack.com/bundles/npmassets/requirejs/require.js?version=e723d063, line 168: Error: Script error for "oroui/js/app/components/base/component", needed by: oroui/js/app/components/component-manager
http://requirejs.org/docs/errors.html#scripterror
JavaScript error: https://qa3.vytrack.com/bundles/npmassets/requirejs/require.js?version=e723d063, line 168: Error: Script error for "components/jquery-ui/ui/effects/effect-slide", needed by: jquery-ui
http://requirejs.org/docs/errors.html#scripterror
JavaScript error: https://qa3.vytrack.com/bundles/npmassets/requirejs/require.js?version=e723d063, line 168: Error: Script error for "bootstrap-transition", needed by: bootstrap
http://requirejs.org/docs/errors.html#scripterror
JavaScript error: https://qa3.vytrack.com/bundles/npmassets/requirejs/require.js?version=e723d063, line 168: Error: Script error for "bootstrap-collapse", needed by: bootstrap
http://requirejs.org/docs/errors.html#scripterror
JavaScript error: https://qa3.vytrack.com/bundles/npmassets/requirejs/require.js?version=e723d063, line 168: Error: Script error for "components/jquery-ui/ui/widgets/tabs", needed by: jquery-ui
http://requirejs.org/docs/errors.html#scripterror
JavaScript error: https://qa3.vytrack.com/bundles/npmassets/requirejs/require.js?version=e723d063, line 168: Error: Script error for "bootstrap-alert", needed by: bootstrap
http://requirejs.org/docs/errors.html#scripterror
JavaScript error: https://qa3.vytrack.com/bundles/npmassets/requirejs/require.js?version=e723d063, line 168: Error: Script error for "oroui/js/app/models/base/model", needed by: oroui/js/app/models/base/collection
http://requirejs.org/docs/errors.html#scripterror
JavaScript error: https://qa3.vytrack.com/bundles/npmassets/requirejs/require.js?version=e723d063, line 168: Error: Script error for "components/jquery-ui/ui/widgets/selectable", needed by: jquery-ui
http://requirejs.org/docs/errors.html#scripterror
JavaScript error: https://qa3.vytrack.com/bundles/npmassets/requirejs/require.js?version=e723d063, line 168: Error: Script error for "components/jquery-ui/ui/effects/effect-pulsate", needed by: jquery-ui
http://requirejs.org/docs/errors.html#scripterror
JavaScript error: https://qa3.vytrack.com/bundles/npmassets/requirejs/require.js?version=e723d063, line 168: Error: Script error for "components/jquery-ui/ui/widgets/mouse", needed by: jquery-ui
http://requirejs.org/docs/errors.html#scripterror
JavaScript error: https://qa3.vytrack.com/bundles/npmassets/requirejs/require.js?version=e723d063, line 168: Error: Script error for "components/jquery-ui/ui/effects/effect-transfer", needed by: jquery-ui
http://requirejs.org/docs/errors.html#scripterror
JavaScript error: https://qa3.vytrack.com/bundles/npmassets/requirejs/require.js?version=e723d063, line 168: Error: Script error for "components/jquery-ui/ui/widgets/button", needed by: jquery-ui
http://requirejs.org/docs/errors.html#scripterror
JavaScript error: https://qa3.vytrack.com/bundles/npmassets/requirejs/require.js?version=e723d063, line 168: Error: Script error for "oroui/js/app/models/sync-machine-proxy-cache", needed by: oroentity/js/app/models/entitystructures-collection
http://requirejs.org/docs/errors.html#scripterror
JavaScript error: https://qa3.vytrack.com/bundles/npmassets/requirejs/require.js?version=e723d063, line 168: Error: Script error for "bootstrap-dropdown", needed by: bootstrap
http://requirejs.org/docs/errors.html#scripterror
JavaScript error: https://qa3.vytrack.com/bundles/npmassets/requirejs/require.js?version=e723d063, line 168: Error: Script error for "components/jquery-ui/ui/effects/effect-shake", needed by: jquery-ui
http://requirejs.org/docs/errors.html#scripterror
JavaScript error: https://qa3.vytrack.com/bundles/npmassets/requirejs/require.js?version=e723d063, line 168: Error: Script error for "components/jquery-ui/ui/widgets/dialog", needed by: jquery-ui
http://requirejs.org/docs/errors.html#scripterror
JavaScript error: https://qa3.vytrack.com/bundles/npmassets/requirejs/require.js?version=e723d063, line 168: Error: Script error for "components/jquery-ui/ui/widgets/autocomplete", needed by: jquery-ui
http://requirejs.org/docs/errors.html#scripterror
JavaScript error: https://qa3.vytrack.com/bundles/npmassets/requirejs/require.js?version=e723d063, line 168: Error: Script error for "components/jquery-ui/ui/effects/effect-size", needed by: jquery-ui
http://requirejs.org/docs/errors.html#scripterror
JavaScript error: https://qa3.vytrack.com/bundles/npmassets/requirejs/require.js?version=e723d063, line 168: Error: Script error for "components/jquery-ui/ui/effect", needed by: jquery-ui
http://requirejs.org/docs/errors.html#scripterror
JavaScript error: https://qa3.vytrack.com/bundles/npmassets/requirejs/require.js?version=e723d063, line 168: Error: Script error for "components/jquery-ui/ui/widgets/datepicker", needed by: jquery-ui
http://requirejs.org/docs/errors.html#scripterror
JavaScript error: https://qa3.vytrack.com/bundles/npmassets/requirejs/require.js?version=e723d063, line 168: Error: Script error for "components/jquery-ui/ui/widgets/menu", needed by: jquery-ui
http://requirejs.org/docs/errors.html#scripterror
JavaScript error: https://qa3.vytrack.com/bundles/npmassets/requirejs/require.js?version=e723d063, line 168: Error: Script error for "bootstrap-affix", needed by: bootstrap
http://requirejs.org/docs/errors.html#scripterror
JavaScript error: https://qa3.vytrack.com/bundles/npmassets/requirejs/require.js?version=e723d063, line 168: Error: Script error for "components/jquery-ui/ui/effects/effect-explode", needed by: jquery-ui
http://requirejs.org/docs/errors.html#scripterror
JavaScript error: https://qa3.vytrack.com/bundles/npmassets/requirejs/require.js?version=e723d063, line 168: Error: Script error for "bootstrap-modal", needed by: bootstrap
http://requirejs.org/docs/errors.html#scripterror
JavaScript error: https://qa3.vytrack.com/bundles/npmassets/requirejs/require.js?version=e723d063, line 168: Error: Script error for "components/jquery-ui/ui/effects/effect-bounce", needed by: jquery-ui
http://requirejs.org/docs/errors.html#scripterror
JavaScript error: https://qa3.vytrack.com/bundles/npmassets/requirejs/require.js?version=e723d063, line 168: Error: Script error for "oroui/js/app/services/registry/registry", needed by: oroui/js/app/services/registry
http://requirejs.org/docs/errors.html#scripterror

###!!! [Child][MessageChannel] Error: (msgtype=0x370126,name=PContent::Msg_ScriptError) Channel closing: too late to send/recv, messages will be lost

[Child 5568,
###!!! [Child][MessageChannel] Error: (msgtype=0x370126,name=PContent::Msg_ScriptError) Channel closing: too late to send/recv, messages will be lost

 Chrome_Chil
###!!! [Child][MessageChannel] Error: (msgtype=0x370126,name=PContent::Msg_ScriptError) Channel closing: too late to send/recv, messages will be lost

dThread] WARNING: pipe error: 232: file z:/task_1579288126/build/src/ipc/chromium/src/chrome/common/ipc_chan
###!!! [Child][MessageChannel] Error: (msgtype=0x370126,name=PContent::Msg_ScriptError) Channel closing: too late to send/recv, messages will be lost

nel_win.
###!!! [Child][MessageChannel] Error: (msgtype=0x370126,name=PContent::Msg_ScriptError) Channel closing: too late to send/recv, messages will be lost

cc, line 507

###!!! [Child][RunMessage] Error: Channel closing: too late to send/recv, messages will be lost


###!!! [Child][RunMessage] Error: Channel closing: too late to send/recv, messages will be lost


###!!! [Child][RunMessage] Error: Channel closing: too late to send/recv, messages will be lost


###!!! [Child][MessageChannel] Error: (msgtype=0x370126,name=PContent::Msg_ScriptError) Channel closing: too late to send/recv, messages will be lost


###!!! [Child][MessageChannel] Error: (msgtype=0x370126,name=PContent::Msg_ScriptError) Channel closing: too late to send/recv, messages will be lost


###!!! [Child][RunMessage] Error: Channel closing: too late to send/recv, messages will be lost


###!!! [Child][MessageChannel] Error: (msgtype=0x370126,name=PContent::Msg_ScriptError) Channel closing: too late to send/recv, messages will be lost


###!!! [Child][MessageChannel] Error: (msgtype=0x370126,name=PContent::Msg_ScriptError) Channel closing: too late to send/recv, messages will be lost


###!!! [Child][RunMessage] Error: Channel closing: too late to send/recv, messages will be lost


###!!! [Child][MessageChannel] Error: (msgtype=0x370126,name=PContent::Msg_ScriptError) Channel closing: too late to send/recv, messages will be lost


###!!! [Child][MessageChannel] Error: (msgtype=0x370126,name=PContent::Msg_ScriptError) Channel closing: too late to send/recv, messages will be lost


###!!! [Child][RunMessage] Error: Channel closing: too late to send/recv, messages will be lost


###!!! [Child][MessageChannel] Error: (msgtype=0x370126,name=PContent::Msg_ScriptError) Channel closing: too late to send/recv, messages will be lost


###!!! [Child][MessageChannel] Error: (msgtype=0x370126,name=PContent::Msg_ScriptError) Channel closing: too late to send/recv, messages will be lost


###!!! [Child][RunMessage] Error: Channel closing: too late to send/recv, messages will be lost


###!!! [Child][MessageChannel] Error: (msgtype=0x370126,name=PContent::Msg_ScriptError) Channel closing: too late to send/recv, messages will be lost


###!!! [Child][MessageChannel] Error: (msgtype=0x370126,name=PContent::Msg_ScriptError) Channel closing: too late to send/recv, messages will be lost


###!!! [Child][RunMessage] Error: Channel closing: too late to send/recv, messages will be lost


###!!! [Child][MessageChannel] Error: (msgtype=0x370126,name=PContent::Msg_ScriptError) Channel closing: too late to send/recv, messages will be lost


###!!! [Child][MessageChannel] Error: (msgtype=0x370126,name=PContent::Msg_ScriptError) Channel closing: too late to send/recv, messages will be lost


###!!! [Child][RunMessage] Error: Channel closing: too late to send/recv, messages will be lost


###!!! [Child][MessageChannel] Error: (msgtype=0x370126,name=PContent::Msg_ScriptError) Channel closing: too late to send/recv, messages will be lost


###!!! [Child][MessageChannel] Error: (msgtype=0x370126,name=PContent::Msg_ScriptError) Channel closing: too late to send/recv, messages will be lost


###!!! [Child][RunMessage] Error: Channel closing: too late to send/recv, messages will be lost


###!!! [Child][MessageChannel] Error: (msgtype=0x370126,name=PContent::Msg_ScriptError) Channel closing: too late to send/recv, messages will be lost


###!!! [Child][MessageChannel] Error: (msgtype=0x370126,name=PContent::Msg_ScriptError) Channel closing: too late to send/recv, messages will be lost


###!!! [Child][RunMessage] Error: Channel closing: too late to send/recv, messages will be lost


###!!! [Child][MessageChannel] Error: (msgtype=0x370126,name=PContent::Msg_ScriptError) Channel closing: too late to send/recv, messages will be lost


###!!! [Child][MessageChannel] Error: (msgtype=0x370126,name=PContent::Msg_ScriptError) Channel closing: too late to send/recv, messages will be lost


###!!! [Child][RunMessage] Error: Channel closing: too late to send/recv, messages will be lost


###!!! [Child][MessageChannel] Error: (msgtype=0x370126,name=PContent::Msg_ScriptError) Channel closing: too late to send/recv, messages will be lost


###!!! [Child][RunMessage] Error: Channel closing: too late to send/recv, messages will be lost


###!!! [Child][MessageChannel] Error: (msgtype=0x370126,name=PContent::Msg_ScriptError) Channel closing: too late to send/recv, messages will be lost


###!!! [Child][MessageChannel] Error: (msgtype=0x370126,name=PContent::Msg_ScriptError) Channel closing: too late to send/recv, messages will be lost


###!!! [Child][RunMessage] Error: Channel closing: too late to send/recv, messages will be lost


###!!! [Child][MessageChannel] Error: (msgtype=0x370126,name=PContent::Msg_ScriptError) Channel closing: too late to send/recv, messages will be lost


###!!! [Child][MessageChannel] Error: (msgtype=0x370126,name=PContent::Msg_ScriptError) Channel closing: too late to send/recv, messages will be lost


###!!! [Child][RunMessage] Error: Channel closing: too late to send/recv, messages will be lost


###!!! [Child][MessageChannel] Error: (msgtype=0x370126,name=PContent::Msg_ScriptError) Channel closing: too late to send/recv, messages will be lost


###!!! [Child][MessageChannel] Error: (msgtype=0x370126,name=PContent::Msg_ScriptError) Channel closing: too late to send/recv, messages will be lost


###!!! [Child][RunMessage] Error: Channel closing: too late to send/recv, messages will be lost


###!!! [Child][MessageChannel] Error: (msgtype=0x370126,name=PContent::Msg_ScriptError) Channel closing: too late to send/recv, messages will be lost


###!!! [Child][MessageChannel] Error: (msgtype=0x370126,name=PContent::Msg_ScriptError) Channel closing: too late to send/recv, messages will be lost


###!!! [Child][MessageChannel] Error: (msgtype=0x370126,name=PContent::Msg_ScriptError) Channel closing: too late to send/recv, messages will be lost


###!!! [Child][RunMessage] Error: Channel closing: too late to send/recv, messages will be lost


###!!! [Child][MessageChannel] Error: (msgtype=0x370126,name=PContent::Msg_ScriptError) Channel closing: too late to send/recv, messages will be lost


###!!! [Child][RunMessage] Error: Channel closing: too late to send/recv, messages will be lost


###!!! [Child][MessageChannel] Error: (msgtype=0x370126,name=PContent::Msg_ScriptError) Channel closing: too late to send/recv, messages will be lost


###!!! [Child][MessageChannel] Error: (msgtype=0x370126,name=PContent::Msg_ScriptError) Channel closing: too late to send/recv, messages will be lost


###!!! [Child][RunMessage] Error: Channel closing: too late to send/recv, messages will be lost


###!!! [Child][MessageChannel] Error: (msgtype=0x370126,name=PContent::Msg_ScriptError) Channel closing: too late to send/recv, messages will be lost


###!!! [Child][MessageChannel] Error: (msgtype=0x370126,name=PContent::Msg_ScriptError) Channel closing: too late to send/recv, messages will be lost


###!!! [Child][MessageChannel] Error: (msgtype=0x370126,name=PContent::Msg_ScriptError) Channel closing: too late to send/recv, messages will be lost


###!!! [Child][RunMessage] Error: Channel closing: too late to send/recv, messages will be lost


###!!! [Child][MessageChannel] Error: (msgtype=0x370126,name=PContent::Msg_ScriptError) Channel closing: too late to send/recv, messages will be lost


###!!! [Child][MessageChannel] Error: (msgtype=0x370126,name=PContent::Msg_ScriptError) Channel closing: too late to send/recv, messages will be lost


###!!! [Child][RunMessage] Error: Channel closing: too late to send/recv, messages will be lost


###!!! [Child][MessageChannel] Error: (msgtype=0x370126,name=PContent::Msg_ScriptError) Channel closing: too late to send/recv, messages will be lost


###!!! [Child][RunMessage] Error: Channel closing: too late to send/recv, messages will be lost


###!!! [Child][MessageChannel] Error: (msgtype=0x370126,name=PContent::Msg_ScriptError) Channel closing: too late to send/recv, messages will be lost


###!!! [Child][MessageChannel] Error: (msgtype=0x370126,name=PContent::Msg_ScriptError) Channel closing: too late to send/recv, messages will be lost


###!!! [Child][MessageChannel] Error: (msgtype=0x370126,name=PContent::Msg_ScriptError) Channel closing: too late to send/recv, messages will be lost


###!!! [Child][RunMessage] Error: Channel closing: too late to send/recv, messages will be lost


###!!! [Child][MessageChannel] Error: (msgtype=0x370126,name=PContent::Msg_ScriptError) Channel closing: too late to send/recv, messages will be lost


###!!! [Child][MessageChannel] Error: (msgtype=0x370126,name=PContent::Msg_ScriptError) Channel closing: too late to send/recv, messages will be lost


###!!! [Child][RunMessage] Error: Channel closing: too late to send/recv, messages will be lost


###!!! [Child][MessageChannel] Error: (msgtype=0x370126,name=PContent::Msg_ScriptError) Channel closing: too late to send/recv, messages will be lost


###!!! [Child][RunMessage] Error: Channel closing: too late to send/recv, messages will be lost


###!!! [Child][MessageChannel] Error: (msgtype=0x370126,name=PContent::Msg_ScriptError) Channel closing: too late to send/recv, messages will be lost


###!!! [Child][MessageChannel] Error: (msgtype=0x370126,name=PContent::Msg_ScriptError) Channel closing: too late to send/recv, messages will be lost


###!!! [Child][MessageChannel] Error: (msgtype=0x370126,name=PContent::Msg_ScriptError) Channel closing: too late to send/recv, messages will be lost


###!!! [Child][RunMessage] Error: Channel closing: too late to send/recv, messages will be lost


###!!! [Child][MessageChannel] Error: (msgtype=0x370126,name=PContent::Msg_ScriptError) Channel closing: too late to send/recv, messages will be lost


###!!! [Child][MessageChannel] Error: (msgtype=0x370126,name=PContent::Msg_ScriptError) Channel closing: too late to send/recv, messages will be lost


###!!! [Child][RunMessage] Error: Channel closing: too late to send/recv, messages will be lost


###!!! [Child][MessageChannel] Error: (msgtype=0x370126,name=PContent::Msg_ScriptError) Channel closing: too late to send/recv, messages will be lost


###!!! [Child][MessageChannel] Error: (msgtype=0x370126,name=PContent::Msg_ScriptError) Channel closing: too late to send/recv, messages will be lost


###!!! [Child][RunMessage] Error: Channel closing: too late to send/recv, messages will be lost


###!!! [Child][MessageChannel] Error: (msgtype=0x370126,name=PContent::Msg_ScriptError) Channel closing: too late to send/recv, messages will be lost


###!!! [Child][RunMessage] Error: Channel closing: too late to send/recv, messages will be lost


###!!! [Child][MessageChannel] Error: (msgtype=0x370126,name=PContent::Msg_ScriptError) Channel closing: too late to send/recv, messages will be lost


###!!! [Child][RunMessage] Error: Channel closing: too late to send/recv, messages will be lost


###!!! [Child][MessageChannel] Error: (msgtype=0x370126,name=PContent::Msg_ScriptError) Channel closing: too late to send/recv, messages will be lost


###!!! [Child][MessageChannel] Error: (msgtype=0x370126,name=PContent::Msg_ScriptError) Channel closing: too late to send/recv, messages will be lost


###!!! [Child][RunMessage] Error: Channel closing: too late to send/recv, messages will be lost


###!!! [Child][MessageChannel] Error: (msgtype=0x370126,name=PContent::Msg_ScriptError) Channel closing: too late to send/recv, messages will be lost


###!!! [Child][MessageChannel] Error: (msgtype=0x370126,name=PContent::Msg_ScriptError) Channel closing: too late to send/recv, messages will be lost


###!!! [Child][RunMessage] Error: Channel closing: too late to send/recv, messages will be lost


###!!! [Child][MessageChannel] Error: (msgtype=0x370126,name=PContent::Msg_ScriptError) Channel closing: too late to send/recv, messages will be lost


###!!! [Child][RunMessage] Error: Channel closing: too late to send/recv, messages will be lost


###!!! [Child][MessageChannel] Error: (msgtype=0x370126,name=PContent::Msg_ScriptError) Channel closing: too late to send/recv, messages will be lost


###!!! [Child][MessageChannel] Error: (msgtype=0x370126,name=PContent::Msg_ScriptError) Channel closing: too late to send/recv, messages will be lost


###!!! [Child][MessageChannel] Error: (msgtype=0x370126,name=PContent::Msg_ScriptError) Channel closing: too late to send/recv, messages will be lost


###!!! [Child][RunMessage] Error: Channel closing: too late to send/recv, messages will be lost


###!!! [Child][MessageChannel] Error: (msgtype=0x370126,name=PContent::Msg_ScriptError) Channel closing: too late to send/recv, messages will be lost


###!!! [Child][RunMessage] Error: Channel closing: too late to send/recv, messages will be lost


###!!! [Child][MessageChannel] Error: (msgtype=0x370126,name=PContent::Msg_ScriptError) Channel closing: too late to send/recv, messages will be lost


###!!! [Child][MessageChannel] Error: (msgtype=0x370126,name=PContent::Msg_ScriptError) Channel closing: too late to send/recv, messages will be lost


###!!! [Child][MessageChannel] Error: (msgtype=0x370126,name=PContent::Msg_ScriptError) Channel closing: too late to send/recv, messages will be lost


###!!! [Child][RunMessage] Error: Channel closing: too late to send/recv, messages will be lost


###!!! [Child][MessageChannel] Error: (msgtype=0x370126,name=PContent::Msg_ScriptError) Channel closing: too late to send/recv, messages will be lost


###!!! [Child][MessageChannel] Error: (msgtype=0x370126,name=PContent::Msg_ScriptError) Channel closing: too late to send/recv, messages will be lost


###!!! [Child][RunMessage] Error: Channel closing: too late to send/recv, messages will be lost


###!!! [Child][MessageChannel] Error: (msgtype=0x370126,name=PContent::Msg_ScriptError) Channel closing: too late to send/recv, messages will be lost


###!!! [Child][MessageChannel] Error: (msgtype=0x370126,name=PContent::Msg_ScriptError) Channel closing: too late to send/recv, messages will be lost


###!!! [Child][RunMessage] Error: Channel closing: too late to send/recv, messages will be lost


###!!! [Child][MessageChannel] Error: (msgtype=0x370126,name=PContent::Msg_ScriptError) Channel closing: too late to send/recv, messages will be lost


###!!! [Child][RunMessage] Error: Channel closing: too late to send/recv, messages will be lost


###!!! [Child][MessageChannel] Error: (msgtype=0x370126,name=PContent::Msg_ScriptError) Channel closing: too late to send/recv, messages will be lost


###!!! [Child][MessageChannel] Error: (msgtype=0x370126,name=PContent::Msg_ScriptError) Channel closing: too late to send/recv, messages will be lost


###!!! [Child][RunMessage] Error: Channel closing: too late to send/recv, messages will be lost


###!!! [Child][MessageChannel] Error: (msgtype=0x370126,name=PContent::Msg_ScriptError) Channel closing: too late to send/recv, messages will be lost


###!!! [Child][MessageChannel] Error: (msgtype=0x370126,name=PContent::Msg_ScriptError) Channel closing: too late to send/recv, messages will be lost


###!!! [Child][RunMessage] Error: Channel closing: too late to send/recv, messages will be lost


###!!! [Child][MessageChannel] Error: (msgtype=0x370126,name=PContent::Msg_ScriptError) Channel closing: too late to send/recv, messages will be lost


###!!! [Child][RunMessage] Error: Channel closing: too late to send/recv, messages will be lost


###!!! [Child][MessageChannel] Error: (msgtype=0x370126,name=PContent::Msg_ScriptError) Channel closing: too late to send/recv, messages will be lost


###!!! [Child][MessageChannel] Error: (msgtype=0x370126,name=PContent::Msg_ScriptError) Channel closing: too late to send/recv, messages will be lost


###!!! [Child][RunMessage] Error: Channel closing: too late to send/recv, messages will be lost


###!!! [Child][MessageChannel] Error: (msgtype=0x370126,name=PContent::Msg_ScriptError) Channel closing: too late to send/recv, messages will be lost


###!!! [Child][MessageChannel] Error: (msgtype=0x370126,name=PContent::Msg_ScriptError) Channel closing: too late to send/recv, messages will be lost


###!!! [Child][RunMessage] Error: Channel closing: too late to send/recv, messages will be lost


###!!! [Child][MessageChannel] Error: (msgtype=0x370126,name=PContent::Msg_ScriptError) Channel closing: too late to send/recv, messages will be lost


###!!! [Child][RunMessage] Error: Channel closing: too late to send/recv, messages will be lost

JavaScript error: resource://gre/modules/UrlClassifierListManager.jsm, line 680: TypeError: this.tablesData[table] is undefined
console.error: (new Error("SessionFile is closed", "resource:///modules/sessionstore/SessionFile.jsm", 433))

###!!! [Child][RunMessage] Error: Channel closing: too late to send/recv, messages will be lost


###!!! [Child][MessageChannel::SendAndWait] Error: Channel error: cannot send/recv

]]></system-err>
  </testcase>
  <testcase name="Login as a sales manager" classname="Users should be able to login" time="47.393">
    <failure message="expected:&lt;[Dashboard]&gt; but was:&lt;[Loading...]&gt;" type="org.junit.ComparisonFailure"><![CDATA[org.junit.ComparisonFailure: expected:<[Dashboard]> but was:<[Loading...]>
]]></failure>
    <system-out><![CDATA[	CONNECTION DATABASE
	this is coming from BEFORE
Opening the login page
	CLOSING DATABASE CONNECTION
]]></system-out>
    <system-err><![CDATA[1580062089733	mozrunner::runner	INFO	Running command: "C:\\Program Files\\Mozilla Firefox\\firefox.exe" "-marionette" "-foreground" "-no-remote" "-profile" "C:\\Users\\win8\\AppData\\Local\\Temp\\rust_mozprofile5YdWvY"
1580062092755	addons.webextension.doh-rollout@mozilla.org	WARN	Loading extension 'doh-rollout@mozilla.org': Reading manifest: Invalid extension permission: networkStatus
1580062093231	addons.webextension.screenshots@mozilla.org	WARN	Loading extension 'screenshots@mozilla.org': Reading manifest: Invalid extension permission: mozillaAddons
1580062093231	addons.webextension.screenshots@mozilla.org	WARN	Loading extension 'screenshots@mozilla.org': Reading manifest: Invalid extension permission: telemetry
1580062093231	addons.webextension.screenshots@mozilla.org	WARN	Loading extension 'screenshots@mozilla.org': Reading manifest: Invalid extension permission: resource://pdf.js/
1580062093231	addons.webextension.screenshots@mozilla.org	WARN	Loading extension 'screenshots@mozilla.org': Reading manifest: Invalid extension permission: about:reader*
JavaScript error: resource://gre/modules/XULStore.jsm, line 66: Error: Can't find profile directory.
1580062098902	Marionette	INFO	Listening on port 63638
1580062099056	Marionette	WARN	TLS certificate errors will be ignored for this session
Oca 26, 2020 7:08:19 ÖS org.openqa.selenium.remote.ProtocolHandshake createSession
INFO: Detected dialect: W3C
1580062111377	Marionette	INFO	Stopped listening on port 63638
JavaScript error: https://qa3.vytrack.com/bundles/npmassets/requirejs/require.js?version=e723d063, line 168: Error: Script error for "jquery.dialog.extended", needed by: oro/dialog-widget
http://requirejs.org/docs/errors.html#scripterror
JavaScript error: resource://gre/modules/UrlClassifierListManager.jsm, line 680: TypeError: this.tablesData[table] is undefined
console.error: (new Error("SessionFile is closed", "resource:///modules/sessionstore/SessionFile.jsm", 433))

###!!! [Child][RunMessage] Error: Channel closing: too late to send/recv, messages will be lost


###!!! [Child][MessageChannel::SendAndWait] Error: Channel error: cannot send/recv

]]></system-err>
  </testcase>
  <testcase name="Login as a store manager" classname="Users should be able to login" time="26.278"/>
</testsuite>