<?xml version="1.0" encoding="UTF-8"?>
<testsuite xmlns:xsi="http://www.w3.org/2001/XMLSchema-instance" xsi:noNamespaceSchemaLocation="https://maven.apache.org/surefire/maven-surefire-plugin/xsd/surefire-test-report.xsd" name="Contacts Page" time="65.594" tests="1" errors="1" skipped="0" failures="0">
  <properties>
[...]
</properties>
  <testcase name="Default page number" classname="Contacts Page" time="65.594">
    <error message="Unable to locate element: .input-widget&#10;For documentation on this error, please visit: https://www.seleniumhq.org/exceptions/no_such_element.html&#10;Build info: version: &apos;3.141.59&apos;, revision: &apos;e82be7d358&apos;, time: &apos;2018-11-14T08:17:03&apos;&#10;System info: host: &apos;HP&apos;, ip: &apos;192.168.43.205&apos;, os.name: &apos;Windows 8.1&apos;, os.arch: &apos;amd64&apos;, os.version: &apos;6.3&apos;, java.version: &apos;12.0.2&apos;&#10;Driver info: org.openqa.selenium.firefox.FirefoxDriver&#10;Capabilities {acceptInsecureCerts: true, browserName: firefox, browserVersion: 72.0.2, javascriptEnabled: true, moz:accessibilityChecks: false, moz:buildID: 20200117190643, moz:geckodriverVersion: 0.26.0, moz:headless: false, moz:processID: 7240, moz:profile: C:\Users\win8\AppData\Local..., moz:shutdownTimeout: 60000, moz:useNonSpecCompliantPointerOrigin: false, moz:webdriverClick: true, pageLoadStrategy: normal, platform: WINDOWS, platformName: WINDOWS, platformVersion: 6.3, rotatable: false, setWindowRect: true, strictFileInteractability: false, timeouts: {implicit: 0, pageLoad: 300000, script: 30000}, unhandledPromptBehavior: dismiss and notify}&#10;Session ID: f36ee4f1-543c-4fcd-a2bf-c52598ade741&#10;*** Element info: {Using=css selector, value=.input-widget}" type="org.openqa.selenium.NoSuchElementException">org.openqa.selenium.NoSuchElementException: 
Unable to locate element: .input-widget
For documentation on this error, please visit: https://www.seleniumhq.org/exceptions/no_such_element.html
Build info: version: '3.141.59', revision: 'e82be7d358', time: '2018-11-14T08:17:03'
System info: host: 'HP', ip: '192.168.43.205', os.name: 'Windows 8.1', os.arch: 'amd64', os.version: '6.3', java.version: '12.0.2'
Driver info: org.openqa.selenium.firefox.FirefoxDriver
Capabilities {acceptInsecureCerts: true, browserName: firefox, browserVersion: 72.0.2, javascriptEnabled: true, moz:accessibilityChecks: false, moz:buildID: 20200117190643, moz:geckodriverVersion: 0.26.0, moz:headless: false, moz:processID: 7240, moz:profile: C:\Users\win8\AppData\Local..., moz:shutdownTimeout: 60000, moz:useNonSpecCompliantPointerOrigin: false, moz:webdriverClick: true, pageLoadStrategy: normal, platform: WINDOWS, platformName: WINDOWS, platformVersion: 6.3, rotatable: false, setWindowRect: true, strictFileInteractability: false, timeouts: {implicit: 0, pageLoad: 300000, script: 30000}, unhandledPromptBehavior: dismiss and notify}
Session ID: f36ee4f1-543c-4fcd-a2bf-c52598ade741
*** Element info: {Using=css selector, value=.input-widget}
</error>
    <system-out><![CDATA[	this is coming from BEFORE
Opening the login page
]]></system-out>
    <system-err><![CDATA[1580062026017	mozrunner::runner	INFO	Running command: "C:\\Program Files\\Mozilla Firefox\\firefox.exe" "-marionette" "-foreground" "-no-remote" "-profile" "C:\\Users\\win8\\AppData\\Local\\Temp\\rust_mozprofileZC2G1r"
1580062032501	addons.webextension.doh-rollout@mozilla.org	WARN	Loading extension 'doh-rollout@mozilla.org': Reading manifest: Invalid extension permission: networkStatus
1580062032832	addons.webextension.screenshots@mozilla.org	WARN	Loading extension 'screenshots@mozilla.org': Reading manifest: Invalid extension permission: mozillaAddons
1580062032832	addons.webextension.screenshots@mozilla.org	WARN	Loading extension 'screenshots@mozilla.org': Reading manifest: Invalid extension permission: telemetry
1580062032832	addons.webextension.screenshots@mozilla.org	WARN	Loading extension 'screenshots@mozilla.org': Reading manifest: Invalid extension permission: resource://pdf.js/
1580062032833	addons.webextension.screenshots@mozilla.org	WARN	Loading extension 'screenshots@mozilla.org': Reading manifest: Invalid extension permission: about:reader*
JavaScript error: resource://gre/modules/XULStore.jsm, line 66: Error: Can't find profile directory.
1580062042852	Marionette	INFO	Listening on port 63501
1580062043025	Marionette	WARN	TLS certificate errors will be ignored for this session
Oca 26, 2020 7:07:23 ÖS org.openqa.selenium.remote.ProtocolHandshake createSession
INFO: Detected dialect: W3C
1580062060015	Marionette	WARN	TimedPromise timed out after 200 ms: stacktrace:
bail@chrome://marionette/content/sync.js:237:64
JavaScript error: https://qa3.vytrack.com/bundles/orosync/js/content-manager.js?version=e723d063, line 262: TypeError: url is undefined
JavaScript error: https://qa3.vytrack.com/bundles/npmassets/requirejs/require.js?version=e723d063, line 168: Error: Script error for "orosidebar/js/app/views/widget-picker-modal-view", needed by: orosidebar/js/app/views/sidebar-view
http://requirejs.org/docs/errors.html#scripterror
JavaScript error: https://qa3.vytrack.com/bundles/npmassets/requirejs/require.js?version=e723d063, line 168: Error: Script error for "orosidebar/js/app/views/widget-setup-modal-view", needed by: orosidebar/js/app/views/sidebar-view
http://requirejs.org/docs/errors.html#scripterror
JavaScript error: https://qa3.vytrack.com/bundles/npmassets/requirejs/require.js?version=e723d063, line 168: Error: Script error for "jquery.mCustomScrollbar", needed by: orosidebar/js/app/views/sidebar-view
http://requirejs.org/docs/errors.html#scripterror
JavaScript error: https://qa3.vytrack.com/bundles/npmassets/requirejs/require.js?version=e723d063, line 168: Error: Script error for "orosidebar/js/app/views/sidebar-widget-container/widget-container-view", needed by: orosidebar/js/app/views/sidebar-view
http://requirejs.org/docs/errors.html#scripterror
JavaScript error: https://qa3.vytrack.com/bundles/npmassets/requirejs/require.js?version=e723d063, line 168: Error: Script error for "oroform/js/optional-validation-handler", needed by: oroform/js/optional-validation-groups-handler
http://requirejs.org/docs/errors.html#scripterror
JavaScript error: https://qa3.vytrack.com/bundles/npmassets/requirejs/require.js?version=e723d063, line 168: Error: Script error for "bowerassets/base64/base64", needed by: base64
http://requirejs.org/docs/errors.html#scripterror
JavaScript error: https://qa3.vytrack.com/bundles/npmassets/requirejs/require.js?version=e723d063, line 168: Error: Script error for "oroui/js/app/models/route-model", needed by: oroui/js/app/models/base/routing-collection
http://requirejs.org/docs/errors.html#scripterror
JavaScript error: https://qa3.vytrack.com/bundles/npmassets/requirejs/require.js?version=e723d063, line 168: Error: Script error for "oroemail/js/util/emails-grid-route-builder", needed by: oroemail/js/app/views/email-notification/email-notification-collection-view
http://requirejs.org/docs/errors.html#scripterror
JavaScript error: https://qa3.vytrack.com/bundles/npmassets/requirejs/require.js?version=e723d063, line 168: Error: Script error for "oroemail/js/app/views/email-notification/email-notification-item-view", needed by: oroemail/js/app/views/email-notification/email-notification-collection-view
http://requirejs.org/docs/errors.html#scripterror
1580062062307	Marionette	INFO	Stopped listening on port 63501
JavaScript error: resource://services-settings/RemoteSettingsClient.jsm, line 149: Error: Unknown callback
JavaScript error: https://qa3.vytrack.com/bundles/npmassets/requirejs/require.js?version=e723d063, line 168: Error: Script error for "oroui/js/app/modules/viewport-module", needed by: oroui/js/app
http://requirejs.org/docs/errors.html#scripterror
JavaScript error: https://qa3.vytrack.com/bundles/npmassets/requirejs/require.js?version=e723d063, line 168: Error: Script error for "oroui/js/app/modules/ajax-error-module", needed by: oroui/js/app
http://requirejs.org/docs/errors.html#scripterror
JavaScript error: https://qa3.vytrack.com/bundles/npmassets/requirejs/require.js?version=e723d063, line 168: Error: Script error for "backbone-bootstrap-modal", needed by: oroui/js/modal
http://requirejs.org/docs/errors.html#scripterror
JavaScript error: https://qa3.vytrack.com/bundles/npmassets/requirejs/require.js?version=e723d063, line 168: Error: Script error for "orolocale/js/app/modules/locale-module", needed by: oroui/js/app
http://requirejs.org/docs/errors.html#scripterror
JavaScript error: https://qa3.vytrack.com/bundles/npmassets/requirejs/require.js?version=e723d063, line 168: Error: Script error for "orolocale/js/locale-settings/data", needed by: orolocale/js/locale-settings
http://requirejs.org/docs/errors.html#scripterror
JavaScript error: https://qa3.vytrack.com/bundles/npmassets/requirejs/require.js?version=e723d063, line 168: Error: Script error for "oroui/js/app/modules/views-module", needed by: oroui/js/app
http://requirejs.org/docs/errors.html#scripterror
JavaScript error: https://qa3.vytrack.com/bundles/npmassets/requirejs/require.js?version=e723d063, line 168: Error: Script error for "oroui/js/app/application", needed by: oroui/js/app
http://requirejs.org/docs/errors.html#scripterror
JavaScript error: https://qa3.vytrack.com/bundles/npmassets/requirejs/require.js?version=e723d063, line 168: Error: Script error for "orocalendar/js/app/modules/calendar-module", needed by: oroui/js/app
http://requirejs.org/docs/errors.html#scripterror
JavaScript error: https://qa3.vytrack.com/bundles/npmassets/requirejs/require.js?version=e723d063, line 168: Error: Script error for "oroui/js/appJavaScript error: resource://gre/modules/UrlClassifierListManager.jsm, line 680: TypeError: this.tablesData[table] is undefined
/modules/input-widgets", needed by: oroui/js/app
http://requirejs.org/docs/errors.html#scripterror
JavaScript error: https://qa3.vytrack.com/bundles/npmassets/requirejs/require.js?version=e723d063, line 168: Error: Script error for "oronavigation/js/app/modules/views-module", needed by: oroui/js/app
http://requirejs.org/docs/errors.html#scripterror
JavaScript error: https://qa3.vytrack.com/bundles/npmassets/requirejs/require.js?version=e723d063, line 168: Error: Script error for "oroquerydesigner/js/app/modules/entity-filter-preset-module", needed by: oroui/js/app
http://requirejs.org/docs/errors.html#scripterror
JavaScript error: https://qa3.vytrack.com/bundles/npmassets/requirejs/require.js?version=e723d063, line 168: Error: Script error for "translator", needed by: orotranslation/js/translation-loader
http://requirejs.org/docs/errors.html#scripterror
JavaScript error: https://qa3.vytrack.com/bundles/npmassets/requirejs/require.js?version=e723d063, line 168: Error: Script error for "oroui/js/jquery-ui-datepicker-l10n"
http://requirejs.org/docs/errors.html#scripterror
JavaScript error: https://qa3.vytrack.com/bundles/npmassets/requirejs/require.js?version=e723d063, line 168: Error: Script error for "oroui/js/extend/backbone", needed by: orosync/js/sync, oroui/js/modal, oroui/js/mediator, orowindows/js/dialog/state/model
http://requirejs.org/docs/errors.html#scripterror
JavaScript error: https://qa3.vytrack.com/bundles/npmassets/requirejs/require.js?version=e723d063, line 168: Error: Script error for "oroui/js/app/modules/swipe-actions-module", needed by: oroui/js/app
http://requirejs.org/docs/errors.html#scripterror
JavaScript error: https://qa3.vytrack.com/bundles/npmassets/requirejs/require.js?version=e723d063, line 168: Error: Script error for "orodataaudit/js/app/modules/entity-filter-preset-module", needed by: oroui/js/app
http://requirejs.org/docs/errors.html#scripterror
JavaScript error: https://qa3.vytrack.com/bundles/npmassets/requirejs/require.js?version=e723d063, line 168: Error: Script error for "oroui/js/app/modules/widgets-module", needed by: oroui/js/app
http://requirejs.org/docs/errors.html#scripterror
JavaScript error: https://qa3.vytrack.com/bundles/npmassets/requirejs/require.js?version=e723d063, line 168: Error: Script error for "oroentity/js/app/modules/entity-model-module", needed by: oroui/js/app
http://requirejs.org/docs/errors.html#scripterror
JavaScript error: https://qa3.vytrack.com/bundles/npmassets/requirejs/require.js?version=e723d063, line 168: Error: Script error for "oroui/js/app/modules/init-lightgallery", needed by: oroui/js/app
http://requirejs.org/docs/errors.html#scripterror
JavaScript error: https://qa3.vytrack.com/bundles/npmassets/requirejs/require.js?version=e723d063, line 168: Error: Script error for "orosidebar/js/app/modules/sidebar-module", needed by: oroui/js/app
http://requirejs.org/docs/errors.html#scripterror
JavaScript error: https://qa3.vytrack.com/bundles/npmassets/requirejs/require.js?version=e723d063, line 168: Error: Script error for "oroui/js/app/routes", needed by: oroui/js/app
http://requirejs.org/docs/errors.html#scripterror
JavaScript error: https://qa3.vytrack.com/bundles/npmassets/requirejs/require.js?version=e723d063, line 168: Error: Script error for "oroquerydesigner/js/app/modules/validator-constraints-module", needed by: oroui/js/app
http://requirejs.org/docs/errors.html#scripterror
JavaScript error: https://qa3.vytrack.com/bundles/npmassets/requirejs/require.js?version=e723d063, line 168: Error: Script error for "oroui/js/app/modules/init-layout", needed by: oroui/js/app
http://requirejs.org/docs/errors.html#scripterror
JavaScript error: https://qa3.vytrack.com/bundles/npmassets/requirejs/require.js?version=e723d063, line 168: Error: Script error for "routing"
http://requirejs.org/docs/errors.html#scripterror
JavaScript error: https://qa3.vytrack.com/bundles/npmassets/requirejs/require.js?version=e723d063, line 168: Error: Script error for "oroui/js/app/modules/layout-module", needed by: oroui/js/app
http://requirejs.org/docs/errors.html#scripterror
JavaScript error: https://qa3.vytrack.com/bundles/npmassets/requirejs/require.js?version=e723d063, line 168: Error: Script error for "cryptojs/sha256", needed by: oroui/js/messenger
http://requirejs.org/docs/errors.html#scripterror
JavaScript error: https://qa3.vytrack.com/bundles/npmassets/requirejs/require.js?version=e723d063, line 168: Error: Script error for "orocontactus/js/app/modules/validator-constraints-module", needed by: oroui/js/app
http://requirejs.org/docs/errors.html#scripterror
JavaScript error: https://qa3.vytrack.com/bundles/npmassets/requirejs/require.js?version=e723d063, line 168: Error: Script error for "oroui/js/app/modules/jstree-actions-module", needed by: oroui/js/app
http://requirejs.org/docs/errors.html#scripterror
JavaScript error: https://qa3.vytrack.com/bundles/npmassets/requirejs/require.js?version=e723d063, line 168: Error: Script error for "oroui/js/tools/multi-use-resource-manager", needed by: oroui/js/messenger
http://requirejs.org/docs/errors.html#scripterror
JavaScript error: https://qa3.vytrack.com/bundles/npmassets/requirejs/require.js?version=e723d063, line 168: Error: Script error for "oro/dialog-widget"
http://requirejs.org/docs/errors.html#scripterror
JavaScript error: https://qa3.vytrack.com/bundles/npmassets/requirejs/require.js?version=e723d063, line 168: Error: Script error for "text", needed by: text!oro/translations_unnormalized3, text!oroui/templates/message-item.html_unnormalized4, text!oroui/templates/modal-dialog.html_unnormalized5
http://requirejs.org/docs/errors.html#scripterror
JavaScript error: https://qa3.vytrack.com/bundles/npmassets/requirejs/require.js?version=e723d063, line 168: Error: Script error for "oroui/js/app/modules/component-shortcuts-module", needed by: oroui/js/app
http://requirejs.org/docs/errors.html#scripterror
JavaScript error: https://qa3.vytrack.com/bundles/npmassets/requirejs/require.js?version=e723d063, line 168: Error: Script error for "oroui/js/extend/bootstrap", needed by: oroui/js/messenger
http://requirejs.org/docs/errors.html#scripterror
JavaScript error: https://qa3.vytrack.com/bundles/npmassets/requirejs/require.js?version=e723d063, line 168: Error: Script error for "orouser/js/app/modules/validator-constraints-module", needed by: oroui/js/app
http://requirejs.org/docs/errors.html#scripterror
JavaScript error: https://qa3.vytrack.com/bundles/npmassets/requirejs/require.js?version=e723d063, line 168: Error: Script error for "orodotmailer/js/app/modules/entity-filter-preset-module", needed by: oroui/js/app
http://requirejs.org/docs/errors.html#scripterror
JavaScript error: https://qa3.vytrack.com/bundles/npmassets/requirejs/require.js?version=e723d063, line 168: Error: Script error for "oroui/js/app/modules/messenger-module", needed by: oroui/js/app
http://requirejs.org/docs/errors.html#scripterror
JavaScript error: https://qa3.vytrack.com/bundles/npmassets/requirejs/require.js?version=e723d063, line 168: Error: Script error for "oroemail/js/app/modules/email-module", needed by: oroui/js/app
http://requirejs.org/docs/errors.html#scripterror
JavaScript error: https://qa3.vytrack.com/bundles/npmassets/requirejs/require.js?version=e723d063, line 168: Error: Script error for "requirejs-asap-init"
http://requirejs.org/docs/errors.html#scripterror
JavaScript error: https://qa3.vytrack.com/bundles/npmassets/requirejs/require.js?version=e723d063, line 168: Error: Script error for "orosync/js/app/modules/content-manager-module", needed by: oroui/js/app
http://requirejs.org/docs/errors.html#scripterror
JavaScript error: https://qa3.vytrack.com/bundles/npmassets/requirejs/require.js?version=e723d063, line 168: Error: Script error for "chaplin", needed by: oroui/js/mediator
http://requirejs.org/docs/errors.html#scripterror
JavaScript error: https://qa3.vytrack.com/bundles/npmassets/requirejs/require.js?version=e723d063, line 168: Error: Script error for "orotranslation/js/translator", needed by: orotranslation/js/translation-loader
http://requirejs.org/docs/errors.html#scripterror
JavaScript error: https://qa3.vytrack.com/bundles/npmassets/requirejs/require.js?version=e723d063, line 168: Error: Script error for "oroui/js/app/modules/resizable-area-module", needed by: oroui/js/app
http://requirejs.org/docs/errors.html#scripterror
JavaScript error: https://qa3.vytrack.com/bundles/npmassets/requirejs/require.js?version=e723d063, line 168: Error: Script error for "oroui/js/tools", needed by: oroui/js/messenger, oroui/js/modal, oroui/js/error
http://requirejs.org/docs/errors.html#scripterror
JavaScript error: https://qa3.vytrack.com/bundles/npmassets/requirejs/require.js?version=e723d063, line 168: Error: Script error for "oroworkflow/js/app/modules/entity-filter-preset-module", needed by: oroui/js/app
http://requirejs.org/docs/errors.html#scripterror
JavaScript error: https://qa3.vytrack.com/bundles/npmassets/requirejs/require.js?version=e723d063, line 168: Error: Script error for "jquery", needed by: oroui/js/extend/jquery
http://requirejs.org/docs/errors.html#scripterror
JavaScript error: https://qa3.vytrack.com/bundles/npmassets/requirejs/require.js?version=e723d063, line 168: Error: Script error for "oroui/js/extend/polyfill", needed by: oroui/js/app
http://requirejs.org/docs/errors.html#scripterror
JavaScript error: https://qa3.vytrack.com/bundles/npmassets/requirejs/require.js?version=e723d063, line 168: Error: Script error for "oroemail/js/app/modules/views-module", needed by: oroui/js/app
http://requirejs.org/docs/errors.html#scripterror
JavaScript error: https://qa3.vytrack.com/bundles/npmassets/requirejs/require.js?version=e723d063, line 168: Error: Script error for "oroui/js/extend/underscore", needed by: oroui/js/app, oroui/js/widget-manager, orosync/js/sync, oroui/js/messenger, ororeminder/js/reminder-handler, oroui/js/modal, oroui/js/mediator, orolocale/js/locale-settings, oroui/js/error
http://requirejs.org/docs/errors.html#scripterror

###!!! [Child][RunMessage] Error: Channel closing: too late to send/recv, messages will be lost


###!!! [Child][MessageChannel] Error: (msgtype=0x370126,name=PContent::Msg_ScriptError) Channel closing: too late to send/recv, messages will be lost


###!!! [Child][MessageChannel] Error: (msgtype=0x370126,name=PContent::Msg_ScriptError) Channel closing: too late to send/recv, messages will be lost


###!!! [Child][RunMessage] Error: Channel closing: too late to send/recv, messages will be lost


###!!! [Child][MessageChannel] Error: (msgtype=0x370126,name=PContent::Msg_ScriptError) Channel closing: too late to send/recv, messages will be lost


###!!! [Child][MessageChannel] Error: (msgtype=0x370126,name=PContent::Msg_ScriptError) Channel closing: too late to send/recv, messages will be lost


###!!! [Child][RunMessage] Error: Channel closing: too late to send/recv, messages will be lost


###!!! [Child][MessageChannel] Error: (msgtype=0x370126,name=PContent::Msg_ScriptError) Channel closing: too late to send/recv, messages will be lost


###!!! [Child][MessageChannel] Error: (msgtype=0x370126,name=PContent::Msg_ScriptError) Channel closing: too late to send/recv, messages will be lost


###!!! [Child][RunMessage] Error: Channel closing: too late to send/recv, messages will be lost


###!!! [Child][MessageChannel] Error: (msgtype=0x370126,name=PContent::Msg_ScriptError) Channel closing: too late to send/recv, messages will be lost


###!!! [Child][MessageChannel] Error: (msgtype=0x370126,name=PContent::Msg_ScriptError) Channel closing: too late to send/recv, messages will be lost


###!!! [Child][RunMessage] Error: Channel closing: too late to send/recv, messages will be lost


###!!! [Child][MessageChannel] Error: (msgtype=0x370126,name=PContent::Msg_ScriptError) Channel closing: too late to send/recv, messages will be lost


###!!! [Child][MessageChannel] Error: (msgtype=0x370126,name=PContent::Msg_ScriptError) Channel closing: too late to send/recv, messages will be lost


###!!! [Child][RunMessage] Error: Channel closing: too late to send/recv, messages will be lost


###!!! [Child][MessageChannel] Error: (msgtype=0x370126,name=PContent::Msg_ScriptError) Channel closing: too late to send/recv, messages will be lost


###!!! [Child][MessageChannel] Error: (msgtype=0x370126,name=PContent::Msg_ScriptError) Channel closing: too late to send/recv, messages will be lost


###!!! [Child][RunMessage] Error: Channel closing: too late to send/recv, messages will be lost


###!!! [Child][MessageChannel] Error: (msgtype=0x370126,name=PContent::Msg_ScriptError) Channel closing: too late to send/recv, messages will be lost


###!!! [Child][MessageChannel] Error: (msgtype=0x370126,name=PContent::Msg_ScriptError) Channel closing: too late to send/recv, messages will be lost


###!!! [Child][RunMessage] Error: Channel closing: too late to send/recv, messages will be lost


###!!! [Child][MessageChannel] Error: (msgtype=0x370126,name=PContent::Msg_ScriptError) Channel closing: too late to send/recv, messages will be lost


###!!! [Child][MessageChannel] Error: (msgtype=0x370126,name=PContent::Msg_ScriptError) Channel closing: too late to send/recv, messages will be lost


###!!! [Child][RunMessage] Error: Channel closing: too late to send/recv, messages will be lost


###!!! [Child][MessageChannel] Error: (msgtype=0x370126,name=PContent::Msg_ScriptError) Channel closing: too late to send/recv, messages will be lost


###!!! [Child][MessageChannel] Error: (msgtype=0x370126,name=PContent::Msg_ScriptError) Channel closing: too late to send/recv, messages will be lost


###!!! [Child][RunMessage] Error: Channel closing: too late to send/recv, messages will be lost


###!!! [Child][MessageChannel] Error: (msgtype=0x370126,name=PContent::Msg_ScriptError) Channel closing: too late to send/recv, messages will be lost


###!!! [Child][MessageChannel] Error: (msgtype=0x370126,name=PContent::Msg_ScriptError) Channel closing: too late to send/recv, messages will be lost


###!!! [Child][RunMessage] Error: Channel closing: too late to send/recv, messages will be lost


###!!! [Child][MessageChannel] Error: (msgtype=0x370126,name=PContent::Msg_ScriptError) Channel closing: too late to send/recv, messages will be lost


###!!! [Child][MessageChannel] Error: (msgtype=0x370126,name=PContent::Msg_ScriptError) Channel closing: too late to send/recv, messages will be lost


###!!! [Child][RunMessage] Error: Channel closing: too late to send/recv, messages will be lost


###!!! [Child][MessageChannel] Error: (msgtype=0x370126,name=PContent::Msg_ScriptError) Channel closing: too late to send/recv, messages will be lost


###!!! [Child][MessageChannel] Error: (msgtype=0x370126,name=PContent::Msg_ScriptError) Channel closing: too late to send/recv, messages will be lost


###!!! [Child][RunMessage] Error: Channel closing: too late to send/recv, messages will be lost


###!!! [Child][MessageChannel] Error: (msgtype=0x370126,name=PContent::Msg_ScriptError) Channel closing: too late to send/recv, messages will be lost


###!!! [Child][MessageChannel] Error: (msgtype=0x370126,name=PContent::Msg_ScriptError) Channel closing: too late to send/recv, messages will be lost


###!!! [Child][RunMessage] Error: Channel closing: too late to send/recv, messages will be lost


###!!! [Child][MessageChannel] Error: (msgtype=0x370126,name=PContent::Msg_ScriptError) Channel closing: too late to send/recv, messages will be lost


###!!! [Child][MessageChannel] Error: (msgtype=0x370126,name=PContent::Msg_ScriptError) Channel closing: too late to send/recv, messages will be lost


###!!! [Child][RunMessage] Error: Channel closing: too late to send/recv, messages will be lost


###!!! [Child][MessageChannel] Error: (msgtype=0x370126,name=PContent::Msg_ScriptError) Channel closing: too late to send/recv, messages will be lost


###!!! [Child][MessageChannel] Error: (msgtype=0x370126,name=PContent::Msg_ScriptError) Channel closing: too late to send/recv, messages will be lost


###!!! [Child][RunMessage] Error: Channel closing: too late to send/recv, messages will be lost


###!!! [Child][MessageChannel] Error: (msgtype=0x370126,name=PContent::Msg_ScriptError) Channel closing: too late to send/recv, messages will be lost


###!!! [Child][MessageChannel] Error: (msgtype=0x370126,name=PContent::Msg_ScriptError) Channel closing: too late to send/recv, messages will be lost


###!!! [Child][RunMessage] Error: Channel closing: too late to send/recv, messages will be lost


###!!! [Child][MessageChannel] Error: (msgtype=0x370126,name=PContent::Msg_ScriptError) Channel closing: too late to send/recv, messages will be lost


###!!! [Child][MessageChannel] Error: (msgtype=0x370126,name=PContent::Msg_ScriptError) Channel closing: too late to send/recv, messages will be lost


###!!! [Child][RunMessage] Error: Channel closing: too late to send/recv, messages will be lost


###!!! [Child][MessageChannel] Error: (msgtype=0x370126,name=PContent::Msg_ScriptError) Channel closing: too late to send/recv, messages will be lost


###!!! [Child][MessageChannel] Error: (msgtype=0x370126,name=PContent::Msg_ScriptError) Channel closing: too late to send/recv, messages will be lost


###!!! [Child][RunMessage] Error: Channel closing: too late to send/recv, messages will be lost


###!!! [Child][MessageChannel] Error: (msgtype=0x370126,name=PContent::Msg_ScriptError) Channel closing: too late to send/recv, messages will be lost


###!!! [Child][MessageChannel] Error: (msgtype=0x370126,name=PContent::Msg_ScriptError) Channel closing: too late to send/recv, messages will be lost


###!!! [Child][RunMessage] Error: Channel closing: too late to send/recv, messages will be lost


###!!! [Child][MessageChannel] Error: (msgtype=0x370126,name=PContent::Msg_ScriptError) Channel closing: too late to send/recv, messages will be lost


###!!! [Child][MessageChannel] Error: (msgtype=0x370126,name=PContent::Msg_ScriptError) Channel closing: too late to send/recv, messages will be lost


###!!! [Child][RunMessage] Error: Channel closing: too late to send/recv, messages will be lost


###!!! [Child][MessageChannel] Error: (msgtype=0x370126,name=PContent::Msg_ScriptError) Channel closing: too late to send/recv, messages will be lost


###!!! [Child][MessageChannel] Error: (msgtype=0x370126,name=PContent::Msg_ScriptError) Channel closing: too late to send/recv, messages will be lost


###!!! [Child][RunMessage] Error: Channel closing: too late to send/recv, messages will be lost


###!!! [Child][MessageChannel] Error: (msgtype=0x370126,name=PContent::Msg_ScriptError) Channel closing: too late to send/recv, messages will be lost


###!!! [Child][MessageChannel] Error: (msgtype=0x370126,name=PContent::Msg_ScriptError) Channel closing: too late to send/recv, messages will be lost


###!!! [Child][RunMessage] Error: Channel closing: too late to send/recv, messages will be lost


###!!! [Child][MessageChannel] Error: (msgtype=0x370126,name=PContent::Msg_ScriptError) Channel closing: too late to send/recv, messages will be lost


###!!! [Child][MessageChannel] Error: (msgtype=0x370126,name=PContent::Msg_ScriptError) Channel closing: too late to send/recv, messages will be lost


###!!! [Child][RunMessage] Error: Channel closing: too late to send/recv, messages will be lost


###!!! [Child][MessageChannel] Error: (msgtype=0x370126,name=PContent::Msg_ScriptError) Channel closing: too late to send/recv, messages will be lost


###!!! [Child][MessageChannel] Error: (msgtype=0x370126,name=PContent::Msg_ScriptError) Channel closing: too late to send/recv, messages will be lost


###!!! [Child][RunMessage] Error: Channel closing: too late to send/recv, messages will be lost


###!!! [Child][MessageChannel] Error: (msgtype=0x370126,name=PContent::Msg_ScriptError) Channel closing: too late to send/recv, messages will be lost


###!!! [Child][RunMessage] Error: Channel closing: too late to send/recv, messages will be lost


###!!! [Child][MessageChannel] Error: (msgtype=0x370126,name=PContent::Msg_ScriptError) Channel closing: too late to send/recv, messages will be lost


###!!! [Child][MessageChannel] Error: (msgtype=0x370126,name=PContent::Msg_ScriptError) Channel closing: too late to send/recv, messages will be lost


###!!! [Child][RunMessage] Error: Channel closing: too late to send/recv, messages will be lost


###!!! [Child][MessageChannel] Error: (msgtype=0x370126,name=PContent::Msg_ScriptError) Channel closing: too late to send/recv, messages will be lost


###!!! [Child][MessageChannel] Error: (msgtype=0x370126,name=PContent::Msg_ScriptError) Channel closing: too late to send/recv, messages will be lost


###!!! [Child][RunMessage] Error: Channel closing: too late to send/recv, messages will be lost


###!!! [Child][MessageChannel] Error: (msgtype=0x370126,name=PContent::Msg_ScriptError) Channel closing: too late to send/recv, messages will be lost


###!!! [Child][MessageChannel] Error: (msgtype=0x370126,name=PContent::Msg_ScriptError) Channel closing: too late to send/recv, messages will be lost


###!!! [Child][MessageChannel] Error: (msgtype=0x370126,name=PContent::Msg_ScriptError) Channel closing: too late to send/recv, messages will be lost


###!!! [Child][RunMessage] Error: Channel closing: too late to send/recv, messages will be lost


###!!! [Child][MessageChannel] Error: (msgtype=0x370126,name=PContent::Msg_ScriptError) Channel closing: too late to send/recv, messages will be lost


###!!! [Child][MessageChannel] Error: (msgtype=0x370126,name=PContent::Msg_ScriptError) Channel closing: too late to send/recv, messages will be lost


###!!! [Child][RunMessage] Error: Channel closing: too late to send/recv, messages will be lost


###!!! [Child][MessageChannel] Error: (msgtype=0x370126,name=PContent::Msg_ScriptError) Channel closing: too late to send/recv, messages will be lost


###!!! [Child][RunMessage] Error: Channel closing: too late to send/recv, messages will be lost


###!!! [Child][MessageChannel] Error: (msgtype=0x370126,name=PContent::Msg_ScriptError) Channel closing: too late to send/recv, messages will be lost


###!!! [Child][MessageChannel] Error: (msgtype=0x370126,name=PContent::Msg_ScriptError) Channel closing: too late to send/recv, messages will be lost


###!!! [Child][MessageChannel] Error: (msgtype=0x370126,name=PContent::Msg_ScriptError) Channel closing: too late to send/recv, messages will be lost


###!!! [Child][RunMessage] Error: Channel closing: too late to send/recv, messages will be lost


###!!! [Child][MessageChannel] Error: (msgtype=0x370126,name=PContent::Msg_ScriptError) Channel closing: too late to send/recv, messages will be lost


###!!! [Child][RunMessage] Error: Channel closing: too late to send/recv, messages will be lost

console.error: (new Error("SessionFile is closed", "resource:///modules/sessionstore/SessionFile.jsm", 433))

###!!! [Child][MessageChannel::SendAndWait] Error: Channel error: cannot send/recv

]]></system-err>
  </testcase>
</testsuite>